<?xml version="1.0" encoding="UTF-8"?>
<testng-results skipped="0" failed="0" ignored="0" total="1" passed="1">
  <reporter-output>
  </reporter-output>
  <suite name="Default suite" duration-ms="31522" started-at="2020-07-04T18:56:44 IDT" finished-at="2020-07-04T18:57:16 IDT">
    <groups>
    </groups>
    <test name="Default test" duration-ms="31522" started-at="2020-07-04T18:56:44 IDT" finished-at="2020-07-04T18:57:16 IDT">
      <class name="TomerTest.TestSuit">
        <test-method status="PASS" signature="setUp()[pri:0, instance:TomerTest.TestSuit@3701eaf6]" name="setUp" is-config="true" duration-ms="9645" started-at="2020-07-04T18:56:44 IDT" finished-at="2020-07-04T18:56:54 IDT">
          <reporter-output>
          </reporter-output>
        </test-method> <!-- setUp -->
        <test-method status="PASS" signature="test6()[pri:0, instance:TomerTest.TestSuit@3701eaf6]" name="test6" duration-ms="21557" started-at="2020-07-04T18:56:54 IDT" finished-at="2020-07-04T18:57:16 IDT">
          <reporter-output>
          </reporter-output>
        </test-method> <!-- test6 -->
        <test-method status="PASS" signature="tearDown()[pri:0, instance:TomerTest.TestSuit@3701eaf6]" name="tearDown" is-config="true" duration-ms="272" started-at="2020-07-04T18:57:16 IDT" finished-at="2020-07-04T18:57:16 IDT">
          <reporter-output>
          </reporter-output>
        </test-method> <!-- tearDown -->
      </class> <!-- TomerTest.TestSuit -->
    </test> <!-- Default test -->
  </suite> <!-- Default suite -->
</testng-results>
